<?xml version="1.0" encoding="UTF-8"?>
<testng-results total="0" passed="0" failed="0" skipped="0">
  <reporter-output>
  </reporter-output>
  <suite started-at="2020-09-17T12:16:01Z" name="com.uiscripts.StepDefinitions.LoginTest" finished-at="2020-09-17T12:16:01Z" duration-ms="2">
    <groups>
    </groups>
    <test started-at="2020-09-17T12:16:01Z" name="Command line test" finished-at="2020-09-17T12:16:01Z" duration-ms="2">
    </test> <!-- Command line test -->
  </suite> <!-- com.uiscripts.StepDefinitions.LoginTest -->
</testng-results>
