<?xml version="1.0" encoding="UTF-8"?>
<testng-results total="7" passed="7" failed="0" skipped="0">
  <reporter-output>
  </reporter-output>
  <suite started-at="2020-09-17T11:57:23Z" name="CompleteSuite" finished-at="2020-09-17T11:57:23Z" duration-ms="0">
    <groups>
    </groups>
  </suite> <!-- CompleteSuite -->
  <suite started-at="2020-09-17T11:55:08Z" name="APISuite" finished-at="2020-09-17T11:55:16Z" duration-ms="7580">
    <groups>
      <group name="cucumber">
        <method signature="AbstractTestNGCucumberTests.feature(cucumber.api.testng.CucumberFeatureWrapper)[pri:0, instance:com.api.Runner.GetRunner@2aa3cd93]" name="feature" class="cucumber.api.testng.AbstractTestNGCucumberTests"/>
        <method signature="AbstractTestNGCucumberTests.feature(cucumber.api.testng.CucumberFeatureWrapper)[pri:0, instance:com.api.Runner.PostRunner@7ea37dbf]" name="feature" class="cucumber.api.testng.AbstractTestNGCucumberTests"/>
        <method signature="AbstractTestNGCucumberTests.feature(cucumber.api.testng.CucumberFeatureWrapper)[pri:0, instance:com.api.Runner.Put_DeleteRunner@3bd40a57]" name="feature" class="cucumber.api.testng.AbstractTestNGCucumberTests"/>
      </group> <!-- cucumber -->
    </groups>
    <test started-at="2020-09-17T11:55:08Z" name="API" finished-at="2020-09-17T11:55:16Z" duration-ms="7580">
      <class name="com.api.Runner.GetRunner">
        <test-method is-config="true" signature="setUpClass()[pri:0, instance:com.api.Runner.GetRunner@2aa3cd93]" started-at="2020-09-17T17:25:08Z" name="setUpClass" finished-at="2020-09-17T17:25:09Z" duration-ms="212" status="PASS">
          <reporter-output>
          </reporter-output>
        </test-method> <!-- setUpClass -->
        <test-method signature="feature(cucumber.api.testng.CucumberFeatureWrapper)[pri:0, instance:com.api.Runner.GetRunner@2aa3cd93]" started-at="2020-09-17T17:25:09Z" name="feature" description="Runs Cucumber Feature" data-provider="features" finished-at="2020-09-17T17:25:13Z" duration-ms="4631" status="PASS">
          <params>
            <param index="0">
              <value>
                <![CDATA[Feature to check Get Method of API]]>
              </value>
            </param>
          </params>
          <reporter-output>
          </reporter-output>
        </test-method> <!-- feature -->
        <test-method is-config="true" signature="tearDownClass()[pri:0, instance:com.api.Runner.GetRunner@2aa3cd93]" started-at="2020-09-17T17:25:13Z" name="tearDownClass" finished-at="2020-09-17T17:25:13Z" duration-ms="52" status="PASS">
          <reporter-output>
          </reporter-output>
        </test-method> <!-- tearDownClass -->
      </class> <!-- com.api.Runner.GetRunner -->
      <class name="com.api.Runner.PostRunner">
        <test-method is-config="true" signature="setUpClass()[pri:0, instance:com.api.Runner.PostRunner@7ea37dbf]" started-at="2020-09-17T17:25:13Z" name="setUpClass" finished-at="2020-09-17T17:25:13Z" duration-ms="12" status="PASS">
          <reporter-output>
          </reporter-output>
        </test-method> <!-- setUpClass -->
        <test-method signature="feature(cucumber.api.testng.CucumberFeatureWrapper)[pri:0, instance:com.api.Runner.PostRunner@7ea37dbf]" started-at="2020-09-17T17:25:13Z" name="feature" description="Runs Cucumber Feature" data-provider="features" finished-at="2020-09-17T17:25:15Z" duration-ms="1252" status="PASS">
          <params>
            <param index="0">
              <value>
                <![CDATA[Feature to check the Post Method of API]]>
              </value>
            </param>
          </params>
          <reporter-output>
          </reporter-output>
        </test-method> <!-- feature -->
        <test-method is-config="true" signature="tearDownClass()[pri:0, instance:com.api.Runner.PostRunner@7ea37dbf]" started-at="2020-09-17T17:25:15Z" name="tearDownClass" finished-at="2020-09-17T17:25:15Z" duration-ms="28" status="PASS">
          <reporter-output>
          </reporter-output>
        </test-method> <!-- tearDownClass -->
      </class> <!-- com.api.Runner.PostRunner -->
      <class name="com.api.Runner.Put_DeleteRunner">
        <test-method is-config="true" signature="setUpClass()[pri:0, instance:com.api.Runner.Put_DeleteRunner@3bd40a57]" started-at="2020-09-17T17:25:15Z" name="setUpClass" finished-at="2020-09-17T17:25:15Z" duration-ms="10" status="PASS">
          <reporter-output>
          </reporter-output>
        </test-method> <!-- setUpClass -->
        <test-method signature="feature(cucumber.api.testng.CucumberFeatureWrapper)[pri:0, instance:com.api.Runner.Put_DeleteRunner@3bd40a57]" started-at="2020-09-17T17:25:15Z" name="feature" description="Runs Cucumber Feature" data-provider="features" finished-at="2020-09-17T17:25:16Z" duration-ms="1232" status="PASS">
          <params>
            <param index="0">
              <value>
                <![CDATA[Feature to check the Put & Delete Method of API]]>
              </value>
            </param>
          </params>
          <reporter-output>
          </reporter-output>
        </test-method> <!-- feature -->
        <test-method is-config="true" signature="tearDownClass()[pri:0, instance:com.api.Runner.Put_DeleteRunner@3bd40a57]" started-at="2020-09-17T17:25:16Z" name="tearDownClass" finished-at="2020-09-17T17:25:16Z" duration-ms="25" status="PASS">
          <reporter-output>
          </reporter-output>
        </test-method> <!-- tearDownClass -->
      </class> <!-- com.api.Runner.Put_DeleteRunner -->
    </test> <!-- API -->
  </suite> <!-- APISuite -->
  <suite started-at="2020-09-17T11:55:16Z" name="UISuite" finished-at="2020-09-17T11:57:22Z" duration-ms="126401">
    <groups>
      <group name="cucumber">
        <method signature="AbstractTestNGCucumberTests.feature(cucumber.api.testng.CucumberFeatureWrapper)[pri:0, instance:com.uiscripts.RunnerClass.BasicsTestsRunner@3c72f59f]" name="feature" class="cucumber.api.testng.AbstractTestNGCucumberTests"/>
        <method signature="AbstractTestNGCucumberTests.feature(cucumber.api.testng.CucumberFeatureWrapper)[pri:0, instance:com.uiscripts.RunnerClass.LoginTestRunner@ec756bd]" name="feature" class="cucumber.api.testng.AbstractTestNGCucumberTests"/>
        <method signature="AbstractTestNGCucumberTests.feature(cucumber.api.testng.CucumberFeatureWrapper)[pri:0, instance:com.uiscripts.RunnerClass.MyStoreRunner@358ee631]" name="feature" class="cucumber.api.testng.AbstractTestNGCucumberTests"/>
        <method signature="AbstractTestNGCucumberTests.feature(cucumber.api.testng.CucumberFeatureWrapper)[pri:0, instance:com.uiscripts.RunnerClass.ShippingMethodRunner@60dcc9fe]" name="feature" class="cucumber.api.testng.AbstractTestNGCucumberTests"/>
      </group> <!-- cucumber -->
    </groups>
    <test started-at="2020-09-17T11:55:16Z" name="UI" finished-at="2020-09-17T11:57:22Z" duration-ms="126401">
      <class name="com.uiscripts.RunnerClass.LoginTestRunner">
        <test-method is-config="true" signature="setUpClass()[pri:0, instance:com.uiscripts.RunnerClass.LoginTestRunner@ec756bd]" started-at="2020-09-17T17:25:48Z" name="setUpClass" finished-at="2020-09-17T17:25:48Z" duration-ms="13" status="PASS">
          <reporter-output>
          </reporter-output>
        </test-method> <!-- setUpClass -->
        <test-method signature="feature(cucumber.api.testng.CucumberFeatureWrapper)[pri:0, instance:com.uiscripts.RunnerClass.LoginTestRunner@ec756bd]" started-at="2020-09-17T17:25:48Z" name="feature" description="Runs Cucumber Feature" data-provider="features" finished-at="2020-09-17T17:26:25Z" duration-ms="36849" status="PASS">
          <params>
            <param index="0">
              <value>
                <![CDATA[feature to test login functionality]]>
              </value>
            </param>
          </params>
          <reporter-output>
          </reporter-output>
        </test-method> <!-- feature -->
        <test-method is-config="true" signature="tearDownClass()[pri:0, instance:com.uiscripts.RunnerClass.LoginTestRunner@ec756bd]" started-at="2020-09-17T17:26:25Z" name="tearDownClass" finished-at="2020-09-17T17:26:25Z" duration-ms="27" status="PASS">
          <reporter-output>
          </reporter-output>
        </test-method> <!-- tearDownClass -->
      </class> <!-- com.uiscripts.RunnerClass.LoginTestRunner -->
      <class name="com.uiscripts.RunnerClass.MyStoreRunner">
        <test-method is-config="true" signature="setUpClass()[pri:0, instance:com.uiscripts.RunnerClass.MyStoreRunner@358ee631]" started-at="2020-09-17T17:26:25Z" name="setUpClass" finished-at="2020-09-17T17:26:25Z" duration-ms="11" status="PASS">
          <reporter-output>
          </reporter-output>
        </test-method> <!-- setUpClass -->
        <test-method signature="feature(cucumber.api.testng.CucumberFeatureWrapper)[pri:0, instance:com.uiscripts.RunnerClass.MyStoreRunner@358ee631]" started-at="2020-09-17T17:26:25Z" name="feature" description="Runs Cucumber Feature" data-provider="features" finished-at="2020-09-17T17:26:46Z" duration-ms="20654" status="PASS">
          <params>
            <param index="0">
              <value>
                <![CDATA[MyStoreSearch]]>
              </value>
            </param>
          </params>
          <reporter-output>
          </reporter-output>
        </test-method> <!-- feature -->
        <test-method is-config="true" signature="tearDownClass()[pri:0, instance:com.uiscripts.RunnerClass.MyStoreRunner@358ee631]" started-at="2020-09-17T17:26:46Z" name="tearDownClass" finished-at="2020-09-17T17:26:46Z" duration-ms="25" status="PASS">
          <reporter-output>
          </reporter-output>
        </test-method> <!-- tearDownClass -->
      </class> <!-- com.uiscripts.RunnerClass.MyStoreRunner -->
      <class name="com.uiscripts.RunnerClass.ShippingMethodRunner">
        <test-method is-config="true" signature="setUpClass()[pri:0, instance:com.uiscripts.RunnerClass.ShippingMethodRunner@60dcc9fe]" started-at="2020-09-17T17:26:46Z" name="setUpClass" finished-at="2020-09-17T17:26:46Z" duration-ms="10" status="PASS">
          <reporter-output>
          </reporter-output>
        </test-method> <!-- setUpClass -->
        <test-method signature="feature(cucumber.api.testng.CucumberFeatureWrapper)[pri:0, instance:com.uiscripts.RunnerClass.ShippingMethodRunner@60dcc9fe]" started-at="2020-09-17T17:26:46Z" name="feature" description="Runs Cucumber Feature" data-provider="features" finished-at="2020-09-17T17:27:22Z" duration-ms="36467" status="PASS">
          <params>
            <param index="0">
              <value>
                <![CDATA[Feature to test the shipping method functionality]]>
              </value>
            </param>
          </params>
          <reporter-output>
          </reporter-output>
        </test-method> <!-- feature -->
        <test-method is-config="true" signature="tearDownClass()[pri:0, instance:com.uiscripts.RunnerClass.ShippingMethodRunner@60dcc9fe]" started-at="2020-09-17T17:27:22Z" name="tearDownClass" finished-at="2020-09-17T17:27:22Z" duration-ms="28" status="PASS">
          <reporter-output>
          </reporter-output>
        </test-method> <!-- tearDownClass -->
      </class> <!-- com.uiscripts.RunnerClass.ShippingMethodRunner -->
      <class name="com.uiscripts.RunnerClass.BasicsTestsRunner">
        <test-method is-config="true" signature="setUpClass()[pri:0, instance:com.uiscripts.RunnerClass.BasicsTestsRunner@3c72f59f]" started-at="2020-09-17T17:25:16Z" name="setUpClass" finished-at="2020-09-17T17:25:16Z" duration-ms="40" status="PASS">
          <reporter-output>
          </reporter-output>
        </test-method> <!-- setUpClass -->
        <test-method signature="feature(cucumber.api.testng.CucumberFeatureWrapper)[pri:0, instance:com.uiscripts.RunnerClass.BasicsTestsRunner@3c72f59f]" started-at="2020-09-17T17:25:16Z" name="feature" description="Runs Cucumber Feature" data-provider="features" finished-at="2020-09-17T17:25:48Z" duration-ms="32221" status="PASS">
          <params>
            <param index="0">
              <value>
                <![CDATA[Feature to test the basic functionality]]>
              </value>
            </param>
          </params>
          <reporter-output>
          </reporter-output>
        </test-method> <!-- feature -->
        <test-method is-config="true" signature="tearDownClass()[pri:0, instance:com.uiscripts.RunnerClass.BasicsTestsRunner@3c72f59f]" started-at="2020-09-17T17:25:48Z" name="tearDownClass" finished-at="2020-09-17T17:25:48Z" duration-ms="29" status="PASS">
          <reporter-output>
          </reporter-output>
        </test-method> <!-- tearDownClass -->
      </class> <!-- com.uiscripts.RunnerClass.BasicsTestsRunner -->
    </test> <!-- UI -->
  </suite> <!-- UISuite -->
</testng-results>
